[I 2025-12-29 20:27:32,062] Trial 30 finished with value: -1000.0 and parameters: {'enter_q50_pct': 0.87780561884418, 'enter_q10_pct': 0.6738470359557224, 'ood_pct': 0.9428033016726709, 'exit_q50_pct': 0.46402861266330603, 'exit_p_sl_pct': 0.7837392756502735, 'enter_tp_sl_ratio': 1.3762711758131538, 'cooldown_bars': 1}. Best is trial 14 with value: -1.0966152730606415.
[optuna] n_trades=1277 pf=0.359 mdd=0.965 wr=0.375 score=-1.108 shortfall=0
[I 2025-12-29 20:27:32,932] Trial 31 finished with value: -1.1077066940331783 and parameters: {'enter_q50_pct': 0.8139906203861411, 'enter_q10_pct': 0.585002317871388, 'ood_pct': 0.8578175830715606, 'exit_q50_pct': 0.20617831174950482, 'exit_p_sl_pct': 0.7357335599671683, 'enter_tp_sl_ratio': 1.0005363595996144, 'cooldown_bars': 2}. Best is trial 14 with value: -1.0966152730606415.
[optuna] n_trades=0 -> met={'n_trades': 0, 'profit_factor': 0.0, 'max_drawdown': 1.0, 'winrate': 0.0} | params={'enter_q50_min': -0.015227963736017312, 'enter_q10_min': -0.04822738195276559, 'enter_tp_sl_ratio': 1.1753695260769668, 'exit_q50_below': -0.015560888634540929, 'exit_p_sl_max': 0.32074370980262756, 'cooldown_bars': 2, 'ood_thr': 32.54661093184266}
[I 2025-12-29 20:27:33,884] Trial 32 finished with value: -1000.0 and parameters: {'enter_q50_pct': 0.820308926658132, 'enter_q10_pct': 0.588774232176237, 'ood_pct': 0.8581067148274758, 'exit_q50_pct': 0.15977595011804818, 'exit_p_sl_pct': 0.7767617303202781, 'enter_tp_sl_ratio': 1.1753695260769668, 'cooldown_bars': 2}. Best is trial 14 with value: -1.0966152730606415.
[optuna] n_trades=1132 pf=0.350 mdd=0.954 wr=0.370 score=-1.100 shortfall=0
[I 2025-12-29 20:27:34,844] Trial 33 finished with value: -1.0997253379200918 and parameters: {'enter_q50_pct': 0.8348239452170824, 'enter_q10_pct': 0.6247127775459069, 'ood_pct': 0.8744642322398362, 'exit_q50_pct': 0.19833702153676958, 'exit_p_sl_pct': 0.7346200094985637, 'enter_tp_sl_ratio': 1.1016868746375468, 'cooldown_bars': 2}. Best is trial 14 with value: -1.0966152730606415.
[optuna] n_trades=0 -> met={'n_trades': 0, 'profit_factor': 0.0, 'max_drawdown': 1.0, 'winrate': 0.0} | params={'enter_q50_min': -0.015223155233147328, 'enter_q10_min': -0.04820948955264205, 'enter_tp_sl_ratio': 1.254427372827468, 'exit_q50_below': -0.015537603335601752, 'exit_p_sl_max': 0.3207051157951355, 'cooldown_bars': 2, 'ood_thr': 33.3320971145284}
[I 2025-12-29 20:27:35,807] Trial 34 finished with value: -1000.0 and parameters: {'enter_q50_pct': 0.8351842313078143, 'enter_q10_pct': 0.6196245563307969, 'ood_pct': 0.8765291819380164, 'exit_q50_pct': 0.25152393382645966, 'exit_p_sl_pct': 0.676834701800134, 'enter_tp_sl_ratio': 1.254427372827468, 'cooldown_bars': 2}. Best is trial 14 with value: -1.0966152730606415.
[optuna] n_trades=0 -> met={'n_trades': 0, 'profit_factor': 0.0, 'max_drawdown': 1.0, 'winrate': 0.0} | params={'enter_q50_min': -0.015216306631363426, 'enter_q10_min': -0.048187343780505196, 'enter_tp_sl_ratio': 1.6096612008679814, 'exit_q50_below': -0.015552258843973205, 'exit_p_sl_max': 0.3207130432128906, 'cooldown_bars': 2, 'ood_thr': 33.85217842214148}
[I 2025-12-29 20:27:36,760] Trial 35 finished with value: -1000.0 and parameters: {'enter_q50_pct': 0.8555853276430349, 'enter_q10_pct': 0.6556335720885987, 'ood_pct': 0.8949478335686168, 'exit_q50_pct': 0.19534656381577553, 'exit_p_sl_pct': 0.7036155220608699, 'enter_tp_sl_ratio': 1.6096612008679814, 'cooldown_bars': 2}. Best is trial 14 with value: -1.0966152730606415.
[optuna] n_trades=0 -> met={'n_trades': 0, 'profit_factor': 0.0, 'max_drawdown': 1.0, 'winrate': 0.0} | params={'enter_q50_min': -0.015218131387101734, 'enter_q10_min': -0.04817341558207043, 'enter_tp_sl_ratio': 1.3358412566610869, 'exit_q50_below': -0.015500721093107425, 'exit_p_sl_max': 0.3206900954246521, 'cooldown_bars': 2, 'ood_thr': 30.455992170695588}
[I 2025-12-29 20:27:37,716] Trial 36 finished with value: -1000.0 and parameters: {'enter_q50_pct': 0.8501038092271798, 'enter_q10_pct': 0.6788753907622005, 'ood_pct': 0.8214858708659145, 'exit_q50_pct': 0.35404845350717373, 'exit_p_sl_pct': 0.6096990316065528, 'enter_tp_sl_ratio': 1.3358412566610869, 'cooldown_bars': 2}. Best is trial 14 with value: -1.0966152730606415.
[optuna] n_trades=848 pf=0.345 mdd=0.900 wr=0.380 score=-1.023 shortfall=0
[I 2025-12-29 20:27:38,618] Trial 37 finished with value: -1.0232697448200312 and parameters: {'enter_q50_pct': 0.8887115262534995, 'enter_q10_pct': 0.6445980745169619, 'ood_pct': 0.8891404688372923, 'exit_q50_pct': 0.1754323976043587, 'exit_p_sl_pct': 0.8314870343655872, 'enter_tp_sl_ratio': 1.1160548815390523, 'cooldown_bars': 2}. Best is trial 37 with value: -1.0232697448200312.
[optuna] n_trades=984 pf=0.328 mdd=0.940 wr=0.370 score=-1.100 shortfall=0
[I 2025-12-29 20:27:39,572] Trial 38 finished with value: -1.100492903446313 and parameters: {'enter_q50_pct': 0.8894303952968639, 'enter_q10_pct': 0.6040381063430367, 'ood_pct': 0.9166091963440168, 'exit_q50_pct': 0.17648449880635236, 'exit_p_sl_pct': 0.806035213683908, 'enter_tp_sl_ratio': 1.1407236809372294, 'cooldown_bars': 1}. Best is trial 37 with value: -1.0232697448200312.
[optuna] n_trades=0 -> met={'n_trades': 0, 'profit_factor': 0.0, 'max_drawdown': 1.0, 'winrate': 0.0} | params={'enter_q50_min': -0.015197482057918663, 'enter_q10_min': -0.04910320348855311, 'enter_tp_sl_ratio': 2.044620835760961, 'exit_q50_below': -0.015540885095916524, 'exit_p_sl_max': 0.32077476382255554, 'cooldown_bars': 1, 'ood_thr': 34.62871169089797}
[I 2025-12-29 20:27:40,532] Trial 39 finished with value: -1000.0 and parameters: {'enter_q50_pct': 0.9058965651502149, 'enter_q10_pct': 0.3548028803036414, 'ood_pct': 0.9279174792196083, 'exit_q50_pct': 0.23881251359541056, 'exit_p_sl_pct': 0.8339433407557845, 'enter_tp_sl_ratio': 2.044620835760961, 'cooldown_bars': 1}. Best is trial 37 with value: -1.0232697448200312.
Traceback (most recent call last):
  File "<frozen runpy>", line 198, in _run_module_as_main
  File "<frozen runpy>", line 88, in _run_code
  File "/Users/oscarr/Desarrollo/Python0/DeepLScalp/DeepLScalp/evaluation/run_full_pipeline.py", line 912, in <module>
    main()
  File "/Users/oscarr/Desarrollo/Python0/DeepLScalp/DeepLScalp/evaluation/run_full_pipeline.py", line 851, in main
    q = float(best_params.pop("ood_q"))
              ^^^^^^^^^^^^^^^^^^^^^^^^
KeyError: 'ood_q'
