[cpu] torch threads=8
[device] cpu
[ohlcv_merge] merged: close_nonnull=100.00% volume_nonnull=100.00% | path=artifacts/datasets/ohlcv_ETH_USDT_5m.parquet
[labels] y_reg: n=524755 mean=-0.354620 std=1.146271 q01=-3.583753 q05=-2.071599 q50=-0.322418 q95=1.247643 q99=2.661102
[labels] y_net: n=524779 mean=-0.001284 std=0.006096 q01=-0.019151 q05=-0.009737 q50=-0.001253 q95=0.007093 q99=0.016077
[labels] y_up: n=524786 mean=0.342421 std=0.474520 q01=0.000000 q05=0.000000 q50=0.000000 q95=1.000000 q99=1.000000
[labels] y_cls_mask: n=524786 mean=0.999987 std=0.003652 q01=1.000000 q05=1.000000 q50=1.000000 q95=1.000000 q99=1.000000
[events] keep_train_rows=100.00% (event + background) | edge_thr≈0.00130 cost_rt≈0.00130
[dataset] rows=524,697 features=39

=== FOLD 0 ===
train: 2021-01-01 04:55:00+00:00 -> 2021-06-30 04:50:00+00:00 | n=51708
val  : 2021-06-30 04:55:00+00:00 -> 2021-08-19 04:50:00+00:00 | n=14346
test : 2021-08-19 04:55:00+00:00 -> 2021-10-08 04:50:00+00:00 | n=14376
[fold 0] ep 1 loss train=1.309724 val=1.305965 tr_l_reg=0.8374 tr_l_cls=0.7872 va_l_reg=0.8223 va_l_cls=0.8062
[fold 0] ep 2 loss train=1.283811 val=1.296072 tr_l_reg=0.8158 tr_l_cls=0.7799 va_l_reg=0.8117 va_l_cls=0.8072
[fold 0] ep 3 loss train=1.278661 val=1.293706 tr_l_reg=0.8116 tr_l_cls=0.7785 va_l_reg=0.8110 va_l_cls=0.8045
[debug] pred_df columns: ['atr', 'close', 'high', 'iqr', 'iqr_net', 'low', 'open', 'open_next', 'p_up', 'q10_net', 'q10_reg', 'q50_net', 'q50_reg', 'q90_net', 'q90_reg', 'vol_scale']
[I 2025-12-31 20:43:27,384] A new study created in memory with name: no-name-0ca84770-ed91-4091-9cf2-8a8b4ef65590
[I 2025-12-31 20:43:27,409] Trial 0 finished with value: -10000.0 and parameters: {'lambda_iqr': 0.9253286469972447, 'top_k': 22, 'score_pct': 0.4757408385701257, 'ood_pct': 0.7881044026206573, 'p_up_min': 0.5397631501750527, 'cooldown_bars': 2, 'exit_q50_pct': 0.49530058466809984}. Best is trial 0 with value: -10000.0.
[I 2025-12-31 20:43:27,745] Trial 1 finished with value: -10000.0 and parameters: {'lambda_iqr': 0.423126248488611, 'top_k': 40, 'score_pct': 0.3974122756580322, 'ood_pct': 0.9434706351046078, 'p_up_min': 0.5415179754138376, 'cooldown_bars': 3, 'exit_q50_pct': 0.574163863886971}. Best is trial 0 with value: -10000.0.
[I 2025-12-31 20:43:27,825] Trial 2 finished with value: -10000.0 and parameters: {'lambda_iqr': 0.6955520851466033, 'top_k': 37, 'score_pct': 0.5747358646880039, 'ood_pct': 0.9461235260545725, 'p_up_min': 0.4834934965004077, 'cooldown_bars': 1, 'exit_q50_pct': 0.5513883748625797}. Best is trial 0 with value: -10000.0.
[I 2025-12-31 20:43:27,897] Trial 3 finished with value: -10000.0 and parameters: {'lambda_iqr': 0.9256410185701458, 'top_k': 31, 'score_pct': 0.7560953773211045, 'ood_pct': 0.8877998554767251, 'p_up_min': 0.5314677457095021, 'cooldown_bars': 0, 'exit_q50_pct': 0.117733109838678}. Best is trial 0 with value: -10000.0.
[I 2025-12-31 20:43:27,968] Trial 4 finished with value: -10000.0 and parameters: {'lambda_iqr': 0.3283790897523913, 'top_k': 39, 'score_pct': 0.7998659092845144, 'ood_pct': 0.9239656974557073, 'p_up_min': 0.5486870346200428, 'cooldown_bars': 0, 'exit_q50_pct': 0.1763004673958558}. Best is trial 0 with value: -10000.0.
[I 2025-12-31 20:43:28,039] Trial 5 finished with value: -10000.0 and parameters: {'lambda_iqr': 0.9773823553150767, 'top_k': 9, 'score_pct': 0.42191414259519167, 'ood_pct': 0.8458908733534983, 'p_up_min': 0.5982354975218706, 'cooldown_bars': 1, 'exit_q50_pct': 0.4140112349820894}. Best is trial 0 with value: -10000.0.
[I 2025-12-31 20:43:28,108] Trial 6 finished with value: -10000.0 and parameters: {'lambda_iqr': 0.80824690878652, 'top_k': 5, 'score_pct': 0.7416506559124745, 'ood_pct': 0.9625155739146944, 'p_up_min': 0.5567675696861891, 'cooldown_bars': 0, 'exit_q50_pct': 0.27295733137090167}. Best is trial 0 with value: -10000.0.
[I 2025-12-31 20:43:28,178] Trial 7 finished with value: -10000.0 and parameters: {'lambda_iqr': 0.7614424578673875, 'top_k': 14, 'score_pct': 0.5136858351797384, 'ood_pct': 0.8569839349041574, 'p_up_min': 0.4801845530301735, 'cooldown_bars': 1, 'exit_q50_pct': 0.211385215412136}. Best is trial 0 with value: -10000.0.
[I 2025-12-31 20:43:28,251] Trial 8 finished with value: -10000.0 and parameters: {'lambda_iqr': 0.5885006823743636, 'top_k': 26, 'score_pct': 0.33865713836781364, 'ood_pct': 0.7305582678855155, 'p_up_min': 0.47177090694591883, 'cooldown_bars': 3, 'exit_q50_pct': 0.5563703842551052}. Best is trial 0 with value: -10000.0.
[I 2025-12-31 20:43:28,319] Trial 9 finished with value: -10000.0 and parameters: {'lambda_iqr': 0.5839573444262683, 'top_k': 19, 'score_pct': 0.43645510132023657, 'ood_pct': 0.925041370090252, 'p_up_min': 0.5498203205664812, 'cooldown_bars': 1, 'exit_q50_pct': 0.524765375104216}. Best is trial 0 with value: -10000.0.
[I 2025-12-31 20:43:28,427] Trial 10 finished with value: -10000.0 and parameters: {'lambda_iqr': 0.09018149673594933, 'top_k': 22, 'score_pct': 0.20882147658647038, 'ood_pct': 0.7630515351044753, 'p_up_min': 0.510737993560656, 'cooldown_bars': 2, 'exit_q50_pct': 0.40794678766359305}. Best is trial 0 with value: -10000.0.
[I 2025-12-31 20:43:28,516] Trial 11 finished with value: -10000.0 and parameters: {'lambda_iqr': 0.34369321779563716, 'top_k': 29, 'score_pct': 0.6205295934720636, 'ood_pct': 0.7886978646713174, 'p_up_min': 0.5807471506306863, 'cooldown_bars': 3, 'exit_q50_pct': 0.4348022997927632}. Best is trial 0 with value: -10000.0.
[I 2025-12-31 20:43:28,612] Trial 12 finished with value: -10000.0 and parameters: {'lambda_iqr': 0.4147482569515094, 'top_k': 18, 'score_pct': 0.2939916438050022, 'ood_pct': 0.7945397443883123, 'p_up_min': 0.5127676585505677, 'cooldown_bars': 2, 'exit_q50_pct': 0.5972916550300434}. Best is trial 0 with value: -10000.0.
[I 2025-12-31 20:43:28,697] Trial 13 finished with value: -10000.0 and parameters: {'lambda_iqr': 0.154611285708469, 'top_k': 33, 'score_pct': 0.4571412034418837, 'ood_pct': 0.9872261030123299, 'p_up_min': 0.5313660546543812, 'cooldown_bars': 3, 'exit_q50_pct': 0.4840086210939993}. Best is trial 0 with value: -10000.0.
[I 2025-12-31 20:43:28,785] Trial 14 finished with value: -10000.0 and parameters: {'lambda_iqr': 0.2522083763804175, 'top_k': 27, 'score_pct': 0.6469412379418877, 'ood_pct': 0.8103548180158924, 'p_up_min': 0.5704572715940972, 'cooldown_bars': 2, 'exit_q50_pct': 0.33525465983491676}. Best is trial 0 with value: -10000.0.
[I 2025-12-31 20:43:28,870] Trial 15 finished with value: -10000.0 and parameters: {'lambda_iqr': 0.49719040556525856, 'top_k': 14, 'score_pct': 0.3392689397986548, 'ood_pct': 0.7004211007537274, 'p_up_min': 0.5125385479205123, 'cooldown_bars': 3, 'exit_q50_pct': 0.4706637841924061}. Best is trial 0 with value: -10000.0.
[I 2025-12-31 20:43:28,953] Trial 16 finished with value: -10000.0 and parameters: {'lambda_iqr': 0.021557862959426854, 'top_k': 23, 'score_pct': 0.5101927993630224, 'ood_pct': 0.8828361406150269, 'p_up_min': 0.4960214881586425, 'cooldown_bars': 2, 'exit_q50_pct': 0.307633458788763}. Best is trial 0 with value: -10000.0.
[I 2025-12-31 20:43:29,039] Trial 17 finished with value: -10000.0 and parameters: {'lambda_iqr': 0.6043969528170254, 'top_k': 34, 'score_pct': 0.3803054106125716, 'ood_pct': 0.8304354063232539, 'p_up_min': 0.45831616253905755, 'cooldown_bars': 3, 'exit_q50_pct': 0.5928556508730656}. Best is trial 0 with value: -10000.0.
[I 2025-12-31 20:43:29,121] Trial 18 finished with value: -10000.0 and parameters: {'lambda_iqr': 0.8519880126081053, 'top_k': 36, 'score_pct': 0.20991973942863612, 'ood_pct': 0.7547478198435564, 'p_up_min': 0.5404003081744082, 'cooldown_bars': 2, 'exit_q50_pct': 0.36317483432772857}. Best is trial 0 with value: -10000.0.
[I 2025-12-31 20:43:29,205] Trial 19 finished with value: -10000.0 and parameters: {'lambda_iqr': 0.4494299599914942, 'top_k': 40, 'score_pct': 0.668437144802377, 'ood_pct': 0.8738456123469656, 'p_up_min': 0.5667780957632674, 'cooldown_bars': 3, 'exit_q50_pct': 0.4940064357336406}. Best is trial 0 with value: -10000.0.
[I 2025-12-31 20:43:29,287] Trial 20 finished with value: -10000.0 and parameters: {'lambda_iqr': 0.6621158199018886, 'top_k': 15, 'score_pct': 0.27779349163343814, 'ood_pct': 0.9073883073961445, 'p_up_min': 0.5852303886986007, 'cooldown_bars': 2, 'exit_q50_pct': 0.07695713140476662}. Best is trial 0 with value: -10000.0.
[I 2025-12-31 20:43:29,373] Trial 21 finished with value: -10000.0 and parameters: {'lambda_iqr': 0.7157961796906511, 'top_k': 37, 'score_pct': 0.5427458132090659, 'ood_pct': 0.9505501099237738, 'p_up_min': 0.4989719331063657, 'cooldown_bars': 1, 'exit_q50_pct': 0.5382840846754035}. Best is trial 0 with value: -10000.0.
[I 2025-12-31 20:43:29,457] Trial 22 finished with value: -10000.0 and parameters: {'lambda_iqr': 0.8937582320128976, 'top_k': 40, 'score_pct': 0.5848254125526956, 'ood_pct': 0.987096994171832, 'p_up_min': 0.5248462707539284, 'cooldown_bars': 1, 'exit_q50_pct': 0.5501436834919616}. Best is trial 0 with value: -10000.0.
[I 2025-12-31 20:43:29,550] Trial 23 finished with value: -10000.0 and parameters: {'lambda_iqr': 0.6607597629239624, 'top_k': 24, 'score_pct': 0.47975352704358176, 'ood_pct': 0.9477657794921478, 'p_up_min': 0.48703049700942963, 'cooldown_bars': 1, 'exit_q50_pct': 0.45296194364374465}. Best is trial 0 with value: -10000.0.
[I 2025-12-31 20:43:29,648] Trial 24 finished with value: -10000.0 and parameters: {'lambda_iqr': 0.7851843923822952, 'top_k': 33, 'score_pct': 0.5631914917898545, 'ood_pct': 0.9110378718895896, 'p_up_min': 0.4520081196365007, 'cooldown_bars': 2, 'exit_q50_pct': 0.5983212460051263}. Best is trial 0 with value: -10000.0.
[BEST] fold=0 value=-10000.000000 thresholds={'lambda_iqr': 0.9253286469972447, 'top_k': 22, 'score_pct': 0.4757408385701257, 'ood_pct': 0.7881044026206573, 'p_up_min': 0.5397631501750527, 'cooldown_bars': 2, 'exit_q50_pct': 0.49530058466809984}
[fold 0] TEST metrics: {'n_trades': 39.0, 'profit_factor': 0.34336980560325336, 'max_drawdown': 0.03828425489737819, 'winrate': 0.3076923076923077, 'net_ret': 0.9631222183407188, 'avg_ret_per_trade': -0.0009598336220995023, 'median_ret_per_trade': -0.0007940619807015646} | diag: {'n_trades': 39, 'mean_ret': -0.0009598336220995023, 'cost_rt': 0.0013, 'avg_hold_bars': 1.3846153846153846, 'avg_iqr_entry': 0.017117582850499097}

[OK] FULL pipeline V2 finished.
summary: reports/full_run_v2/summary.csv
