[I 2025-12-30 14:05:43,439] Trial 23 finished with value: -1670.6208583710352 and parameters: {'enter_q50_pct': 0.8525518887652127, 'enter_q10_pct': 0.08162260599328786, 'exit_q50_pct': 0.14569209394129196, 'ood_pct': 0.9110539767001192, 'cooldown_bars': 1}. Best is trial 13 with value: -899.5786489788659.
[optuna] trades=50 tpd=1.0 pf=0.627 mdd=0.049 wr=0.620 net=0.956 score=-1055.615
[I 2025-12-30 14:05:43,559] Trial 24 finished with value: -1055.6146670136825 and parameters: {'enter_q50_pct': 0.794191854156725, 'enter_q10_pct': 0.11959246077158568, 'exit_q50_pct': 0.22042097805409366, 'ood_pct': 0.9434909429417729, 'cooldown_bars': 1}. Best is trial 13 with value: -899.5786489788659.
[BEST] fold=1 value=-899.578649 thresholds={'enter_q50_min': 0.00131, 'enter_q10_min': -0.0100740833041684, 'exit_q50_below': 0.00041034099897003466, 'ood_thr': 0.020522172255514982, 'cooldown_bars': 2}
[fold 1] TEST metrics: {'n_trades': 14.0, 'profit_factor': 0.35264515226287974, 'max_drawdown': 0.03580161190965803, 'winrate': 0.5714285714285714, 'net_ret': 0.9705551013099606, 'avg_ret_per_trade': -0.0021204721274633055, 'median_ret_per_trade': 0.0011711912550328722} | diag: {'n_trades': 14, 'mean_ret': -0.0021204721274633055, 'cost_rt': 0.0013, 'avg_hold_bars': 3.5714285714285716, 'avg_iqr_entry': 0.01648449764720031}

=== FOLD 2 ===
train: 2021-01-01 04:00:00+00:00 -> 2021-08-29 03:55:00+00:00 | n=68947
val  : 2021-08-29 04:00:00+00:00 -> 2021-10-18 03:55:00+00:00 | n=14376
test : 2021-10-18 04:00:00+00:00 -> 2021-12-07 03:55:00+00:00 | n=14400
[fold 2] ep 1 loss train=0.027102 val=0.006576
[fold 2] ep 2 loss train=0.010343 val=0.005864
